sample.interval=20000
".Call" "gbm.fit" "FUN" "lapply" "gbmCrossValModelBuild" "gbmCrossVal" "gbm" "eval" "eval" "withVisible" "source" 
".Call" "gbm.fit" "FUN" "lapply" "gbmCrossValModelBuild" "gbmCrossVal" "gbm" "eval" "eval" "withVisible" "source" 
".Call" "gbm.fit" "FUN" "lapply" "gbmCrossValModelBuild" "gbmCrossVal" "gbm" "eval" "eval" "withVisible" "source" 
".Call" "gbm.fit" "FUN" "lapply" "gbmCrossValModelBuild" "gbmCrossVal" "gbm" "eval" "eval" "withVisible" "source" 
".Call" "gbm.fit" "FUN" "lapply" "gbmCrossValModelBuild" "gbmCrossVal" "gbm" "eval" "eval" "withVisible" "source" 
".Call" "gbm.fit" "FUN" "lapply" "gbmCrossValModelBuild" "gbmCrossVal" "gbm" "eval" "eval" "withVisible" "source" 
".Call" "gbm.fit" "FUN" "lapply" "gbmCrossValModelBuild" "gbmCrossVal" "gbm" "eval" "eval" "withVisible" "source" 
".Call" "gbm.fit" "FUN" "lapply" "gbmCrossValModelBuild" "gbmCrossVal" "gbm" "eval" "eval" "withVisible" "source" 
".Call" "gbm.fit" "FUN" "lapply" "gbmCrossValModelBuild" "gbmCrossVal" "gbm" "eval" "eval" "withVisible" "source" 
".Call" "gbm.fit" "FUN" "lapply" "gbmCrossValModelBuild" "gbmCrossVal" "gbm" "eval" "eval" "withVisible" "source" 
".Call" "gbm.fit" "FUN" "lapply" "gbmCrossValModelBuild" "gbmCrossVal" "gbm" "eval" "eval" "withVisible" "source" 
".Call" "gbm.fit" "FUN" "lapply" "gbmCrossValModelBuild" "gbmCrossVal" "gbm" "eval" "eval" "withVisible" "source" 
".Call" "gbm.fit" "FUN" "lapply" "gbmCrossValModelBuild" "gbmCrossVal" "gbm" "eval" "eval" "withVisible" "source" 
".Call" "gbm.fit" "FUN" "lapply" "gbmCrossValModelBuild" "gbmCrossVal" "gbm" "eval" "eval" "withVisible" "source" 
".Call" "gbm.fit" "FUN" "lapply" "gbmCrossValModelBuild" "gbmCrossVal" "gbm" "eval" "eval" "withVisible" "source" 
".Call" "gbm.fit" "FUN" "lapply" "gbmCrossValModelBuild" "gbmCrossVal" "gbm" "eval" "eval" "withVisible" "source" 
".Call" "gbm.fit" "FUN" "lapply" "gbmCrossValModelBuild" "gbmCrossVal" "gbm" "eval" "eval" "withVisible" "source" 
".Call" "gbm.fit" "FUN" "lapply" "gbmCrossValModelBuild" "gbmCrossVal" "gbm" "eval" "eval" "withVisible" "source" 
".Call" "gbm.fit" "FUN" "lapply" "gbmCrossValModelBuild" "gbmCrossVal" "gbm" "eval" "eval" "withVisible" "source" 
".Call" "gbm.fit" "FUN" "lapply" "gbmCrossValModelBuild" "gbmCrossVal" "gbm" "eval" "eval" "withVisible" "source" 
".Call" "gbm.fit" "FUN" "lapply" "gbmCrossValModelBuild" "gbmCrossVal" "gbm" "eval" "eval" "withVisible" "source" 
".Call" "gbm.fit" "FUN" "lapply" "gbmCrossValModelBuild" "gbmCrossVal" "gbm" "eval" "eval" "withVisible" "source" 
".Call" "gbm.fit" "FUN" "lapply" "gbmCrossValModelBuild" "gbmCrossVal" "gbm" "eval" "eval" "withVisible" "source" 
".Call" "gbm.fit" "FUN" "lapply" "gbmCrossValModelBuild" "gbmCrossVal" "gbm" "eval" "eval" "withVisible" "source" 
".Call" "gbm.fit" "FUN" "lapply" "gbmCrossValModelBuild" "gbmCrossVal" "gbm" "eval" "eval" "withVisible" "source" 
".Call" "gbm.fit" "FUN" "lapply" "gbmCrossValModelBuild" "gbmCrossVal" "gbm" "eval" "eval" "withVisible" "source" 
".Call" "gbm.fit" "FUN" "lapply" "gbmCrossValModelBuild" "gbmCrossVal" "gbm" "eval" "eval" "withVisible" "source" 
".Call" "gbm.fit" "FUN" "lapply" "gbmCrossValModelBuild" "gbmCrossVal" "gbm" "eval" "eval" "withVisible" "source" 
".Call" "gbm.fit" "FUN" "lapply" "gbmCrossValModelBuild" "gbmCrossVal" "gbm" "eval" "eval" "withVisible" "source" 
".Call" "gbm.fit" "FUN" "lapply" "gbmCrossValModelBuild" "gbmCrossVal" "gbm" "eval" "eval" "withVisible" "source" 
".Call" "gbm.fit" "FUN" "lapply" "gbmCrossValModelBuild" "gbmCrossVal" "gbm" "eval" "eval" "withVisible" "source" 
".Call" "gbm.fit" "FUN" "lapply" "gbmCrossValModelBuild" "gbmCrossVal" "gbm" "eval" "eval" "withVisible" "source" 
".Call" "gbm.fit" "FUN" "lapply" "gbmCrossValModelBuild" "gbmCrossVal" "gbm" "eval" "eval" "withVisible" "source" 
".Call" "gbm.fit" "FUN" "lapply" "gbmCrossValModelBuild" "gbmCrossVal" "gbm" "eval" "eval" "withVisible" "source" 
".Call" "gbm.fit" "FUN" "lapply" "gbmCrossValModelBuild" "gbmCrossVal" "gbm" "eval" "eval" "withVisible" "source" 
".Call" "gbm.fit" "FUN" "lapply" "gbmCrossValModelBuild" "gbmCrossVal" "gbm" "eval" "eval" "withVisible" "source" 
".Call" "gbm.fit" "FUN" "lapply" "gbmCrossValModelBuild" "gbmCrossVal" "gbm" "eval" "eval" "withVisible" "source" 
".Call" "gbm.fit" "FUN" "lapply" "gbmCrossValModelBuild" "gbmCrossVal" "gbm" "eval" "eval" "withVisible" "source" 
".Call" "gbm.fit" "FUN" "lapply" "gbmCrossValModelBuild" "gbmCrossVal" "gbm" "eval" "eval" "withVisible" "source" 
"prettyNum" "format.default" "format" "as.matrix.data.frame" "as.matrix" "apply" "checkMissing" "gbm.fit" "FUN" "lapply" "gbmCrossValModelBuild" "gbmCrossVal" "gbm" "eval" "eval" "withVisible" "source" 
".Call" "gbm.fit" "FUN" "lapply" "gbmCrossValModelBuild" "gbmCrossVal" "gbm" "eval" "eval" "withVisible" "source" 
".Call" "gbm.fit" "FUN" "lapply" "gbmCrossValModelBuild" "gbmCrossVal" "gbm" "eval" "eval" "withVisible" "source" 
".Call" "gbm.fit" "FUN" "lapply" "gbmCrossValModelBuild" "gbmCrossVal" "gbm" "eval" "eval" "withVisible" "source" 
".Call" "gbm.fit" "FUN" "lapply" "gbmCrossValModelBuild" "gbmCrossVal" "gbm" "eval" "eval" "withVisible" "source" 
".Call" "gbm.fit" "FUN" "lapply" "gbmCrossValModelBuild" "gbmCrossVal" "gbm" "eval" "eval" "withVisible" "source" 
".Call" "gbm.fit" "FUN" "lapply" "gbmCrossValModelBuild" "gbmCrossVal" "gbm" "eval" "eval" "withVisible" "source" 
".Call" "gbm.fit" "FUN" "lapply" "gbmCrossValModelBuild" "gbmCrossVal" "gbm" "eval" "eval" "withVisible" "source" 
".Call" "gbm.fit" "FUN" "lapply" "gbmCrossValModelBuild" "gbmCrossVal" "gbm" "eval" "eval" "withVisible" "source" 
".Call" "gbm.fit" "FUN" "lapply" "gbmCrossValModelBuild" "gbmCrossVal" "gbm" "eval" "eval" "withVisible" "source" 
".Call" "gbm.fit" "FUN" "lapply" "gbmCrossValModelBuild" "gbmCrossVal" "gbm" "eval" "eval" "withVisible" "source" 
".Call" "gbm.fit" "FUN" "lapply" "gbmCrossValModelBuild" "gbmCrossVal" "gbm" "eval" "eval" "withVisible" "source" 
".Call" "gbm.fit" "FUN" "lapply" "gbmCrossValModelBuild" "gbmCrossVal" "gbm" "eval" "eval" "withVisible" "source" 
".Call" "gbm.fit" "FUN" "lapply" "gbmCrossValModelBuild" "gbmCrossVal" "gbm" "eval" "eval" "withVisible" "source" 
".Call" "gbm.fit" "FUN" "lapply" "gbmCrossValModelBuild" "gbmCrossVal" "gbm" "eval" "eval" "withVisible" "source" 
".Call" "gbm.fit" "FUN" "lapply" "gbmCrossValModelBuild" "gbmCrossVal" "gbm" "eval" "eval" "withVisible" "source" 
".Call" "gbm.fit" "FUN" "lapply" "gbmCrossValModelBuild" "gbmCrossVal" "gbm" "eval" "eval" "withVisible" "source" 
".Call" "gbm.fit" "FUN" "lapply" "gbmCrossValModelBuild" "gbmCrossVal" "gbm" "eval" "eval" "withVisible" "source" 
"as.character" "row.names.data.frame" "row.names" "data.matrix" "as.vector" "gbm.fit" "FUN" "lapply" "gbmCrossValModelBuild" "gbmCrossVal" "gbm" "eval" "eval" "withVisible" "source" 
".Call" "gbm.fit" "FUN" "lapply" "gbmCrossValModelBuild" "gbmCrossVal" "gbm" "eval" "eval" "withVisible" "source" 
".Call" "gbm.fit" "FUN" "lapply" "gbmCrossValModelBuild" "gbmCrossVal" "gbm" "eval" "eval" "withVisible" "source" 
".Call" "gbm.fit" "FUN" "lapply" "gbmCrossValModelBuild" "gbmCrossVal" "gbm" "eval" "eval" "withVisible" "source" 
".Call" "gbm.fit" "FUN" "lapply" "gbmCrossValModelBuild" "gbmCrossVal" "gbm" "eval" "eval" "withVisible" "source" 
".Call" "gbm.fit" "FUN" "lapply" "gbmCrossValModelBuild" "gbmCrossVal" "gbm" "eval" "eval" "withVisible" "source" 
".Call" "gbm.fit" "FUN" "lapply" "gbmCrossValModelBuild" "gbmCrossVal" "gbm" "eval" "eval" "withVisible" "source" 
".Call" "gbm.fit" "FUN" "lapply" "gbmCrossValModelBuild" "gbmCrossVal" "gbm" "eval" "eval" "withVisible" "source" 
".Call" "gbm.fit" "FUN" "lapply" "gbmCrossValModelBuild" "gbmCrossVal" "gbm" "eval" "eval" "withVisible" "source" 
".Call" "gbm.fit" "FUN" "lapply" "gbmCrossValModelBuild" "gbmCrossVal" "gbm" "eval" "eval" "withVisible" "source" 
".Call" "gbm.fit" "FUN" "lapply" "gbmCrossValModelBuild" "gbmCrossVal" "gbm" "eval" "eval" "withVisible" "source" 
".Call" "gbm.fit" "FUN" "lapply" "gbmCrossValModelBuild" "gbmCrossVal" "gbm" "eval" "eval" "withVisible" "source" 
".Call" "gbm.fit" "FUN" "lapply" "gbmCrossValModelBuild" "gbmCrossVal" "gbm" "eval" "eval" "withVisible" "source" 
".Call" "gbm.fit" "FUN" "lapply" "gbmCrossValModelBuild" "gbmCrossVal" "gbm" "eval" "eval" "withVisible" "source" 
".Call" "gbm.fit" "FUN" "lapply" "gbmCrossValModelBuild" "gbmCrossVal" "gbm" "eval" "eval" "withVisible" "source" 
".Call" "gbm.fit" "FUN" "lapply" "gbmCrossValModelBuild" "gbmCrossVal" "gbm" "eval" "eval" "withVisible" "source" 
".Call" "gbm.fit" "FUN" "lapply" "gbmCrossValModelBuild" "gbmCrossVal" "gbm" "eval" "eval" "withVisible" "source" 
".Call" "gbm.fit" "FUN" "lapply" "gbmCrossValModelBuild" "gbmCrossVal" "gbm" "eval" "eval" "withVisible" "source" 
"any" "sort.int" "sort.default" "sort" "quantile.default" "quantile" "gbm.fit" "FUN" "lapply" "gbmCrossValModelBuild" "gbmCrossVal" "gbm" "eval" "eval" "withVisible" "source" 
".Call" "gbm.fit" "FUN" "lapply" "gbmCrossValModelBuild" "gbmCrossVal" "gbm" "eval" "eval" "withVisible" "source" 
".Call" "gbm.fit" "FUN" "lapply" "gbmCrossValModelBuild" "gbmCrossVal" "gbm" "eval" "eval" "withVisible" "source" 
".Call" "gbm.fit" "FUN" "lapply" "gbmCrossValModelBuild" "gbmCrossVal" "gbm" "eval" "eval" "withVisible" "source" 
".Call" "gbm.fit" "FUN" "lapply" "gbmCrossValModelBuild" "gbmCrossVal" "gbm" "eval" "eval" "withVisible" "source" 
".Call" "gbm.fit" "FUN" "lapply" "gbmCrossValModelBuild" "gbmCrossVal" "gbm" "eval" "eval" "withVisible" "source" 
".Call" "gbm.fit" "FUN" "lapply" "gbmCrossValModelBuild" "gbmCrossVal" "gbm" "eval" "eval" "withVisible" "source" 
".Call" "gbm.fit" "FUN" "lapply" "gbmCrossValModelBuild" "gbmCrossVal" "gbm" "eval" "eval" "withVisible" "source" 
".Call" "gbm.fit" "FUN" "lapply" "gbmCrossValModelBuild" "gbmCrossVal" "gbm" "eval" "eval" "withVisible" "source" 
".Call" "gbm.fit" "FUN" "lapply" "gbmCrossValModelBuild" "gbmCrossVal" "gbm" "eval" "eval" "withVisible" "source" 
".Call" "gbm.fit" "FUN" "lapply" "gbmCrossValModelBuild" "gbmCrossVal" "gbm" "eval" "eval" "withVisible" "source" 
".Call" "gbm.fit" "FUN" "lapply" "gbmCrossValModelBuild" "gbmCrossVal" "gbm" "eval" "eval" "withVisible" "source" 
".Call" "gbm.fit" "FUN" "lapply" "gbmCrossValModelBuild" "gbmCrossVal" "gbm" "eval" "eval" "withVisible" "source" 
".Call" "gbm.fit" "FUN" "lapply" "gbmCrossValModelBuild" "gbmCrossVal" "gbm" "eval" "eval" "withVisible" "source" 
".Call" "gbm.fit" "FUN" "lapply" "gbmCrossValModelBuild" "gbmCrossVal" "gbm" "eval" "eval" "withVisible" "source" 
".Call" "gbm.fit" "FUN" "lapply" "gbmCrossValModelBuild" "gbmCrossVal" "gbm" "eval" "eval" "withVisible" "source" 
".Call" "gbm.fit" "FUN" "lapply" "gbmCrossValModelBuild" "gbmCrossVal" "gbm" "eval" "eval" "withVisible" "source" 
".Call" "gbm.fit" "FUN" "lapply" "gbmCrossValModelBuild" "gbmCrossVal" "gbm" "eval" "eval" "withVisible" "source" 
".Call" "gbm.fit" "FUN" "lapply" "gbmCrossValModelBuild" "gbmCrossVal" "gbm" "eval" "eval" "withVisible" "source" 
"as.list.default" "as.list" "as.matrix.data.frame" "as.matrix" "apply" "checkMissing" "gbm.fit" "FUN" "lapply" "gbmCrossValModelBuild" "gbmCrossVal" "gbm" "eval" "eval" "withVisible" "source" 
".Call" "gbm.fit" "FUN" "lapply" "gbmCrossValModelBuild" "gbmCrossVal" "gbm" "eval" "eval" "withVisible" "source" 
".Call" "gbm.fit" "FUN" "lapply" "gbmCrossValModelBuild" "gbmCrossVal" "gbm" "eval" "eval" "withVisible" "source" 
".Call" "gbm.fit" "FUN" "lapply" "gbmCrossValModelBuild" "gbmCrossVal" "gbm" "eval" "eval" "withVisible" "source" 
".Call" "gbm.fit" "FUN" "lapply" "gbmCrossValModelBuild" "gbmCrossVal" "gbm" "eval" "eval" "withVisible" "source" 
".Call" "gbm.fit" "FUN" "lapply" "gbmCrossValModelBuild" "gbmCrossVal" "gbm" "eval" "eval" "withVisible" "source" 
".Call" "gbm.fit" "FUN" "lapply" "gbmCrossValModelBuild" "gbmCrossVal" "gbm" "eval" "eval" "withVisible" "source" 
".Call" "gbm.fit" "FUN" "lapply" "gbmCrossValModelBuild" "gbmCrossVal" "gbm" "eval" "eval" "withVisible" "source" 
".Call" "gbm.fit" "FUN" "lapply" "gbmCrossValModelBuild" "gbmCrossVal" "gbm" "eval" "eval" "withVisible" "source" 
".Call" "gbm.fit" "FUN" "lapply" "gbmCrossValModelBuild" "gbmCrossVal" "gbm" "eval" "eval" "withVisible" "source" 
".Call" "gbm.fit" "FUN" "lapply" "gbmCrossValModelBuild" "gbmCrossVal" "gbm" "eval" "eval" "withVisible" "source" 
".Call" "gbm.fit" "FUN" "lapply" "gbmCrossValModelBuild" "gbmCrossVal" "gbm" "eval" "eval" "withVisible" "source" 
".Call" "gbm.fit" "FUN" "lapply" "gbmCrossValModelBuild" "gbmCrossVal" "gbm" "eval" "eval" "withVisible" "source" 
".Call" "gbm.fit" "FUN" "lapply" "gbmCrossValModelBuild" "gbmCrossVal" "gbm" "eval" "eval" "withVisible" "source" 
".Call" "gbm.fit" "FUN" "lapply" "gbmCrossValModelBuild" "gbmCrossVal" "gbm" "eval" "eval" "withVisible" "source" 
".Call" "gbm.fit" "FUN" "lapply" "gbmCrossValModelBuild" "gbmCrossVal" "gbm" "eval" "eval" "withVisible" "source" 
".Call" "gbm.fit" "FUN" "lapply" "gbmCrossValModelBuild" "gbmCrossVal" "gbm" "eval" "eval" "withVisible" "source" 
".Call" "gbm.fit" "FUN" "lapply" "gbmCrossValModelBuild" "gbmCrossVal" "gbm" "eval" "eval" "withVisible" "source" 
".Call" "gbm.fit" "FUN" "lapply" "gbmCrossValModelBuild" "gbmCrossVal" "gbm" "eval" "eval" "withVisible" "source" 
".Call" "predict.gbm" "predict" "gbmCrossValPredictions" "gbmCrossVal" "gbm" "eval" "eval" "withVisible" "source" 
